Traceback (most recent call last):
  File "/opt/hostedtoolcache/Python/3.9.15/x64/lib/python3.9/site-packages/jupyter_cache/executors/utils.py", line 51, in single_nb_execution
    executenb(
  File "/opt/hostedtoolcache/Python/3.9.15/x64/lib/python3.9/site-packages/nbclient/client.py", line 1204, in execute
    return NotebookClient(nb=nb, resources=resources, km=km, **kwargs).execute()
  File "/opt/hostedtoolcache/Python/3.9.15/x64/lib/python3.9/site-packages/nbclient/util.py", line 84, in wrapped
    return just_run(coro(*args, **kwargs))
  File "/opt/hostedtoolcache/Python/3.9.15/x64/lib/python3.9/site-packages/nbclient/util.py", line 62, in just_run
    return loop.run_until_complete(coro)
  File "/opt/hostedtoolcache/Python/3.9.15/x64/lib/python3.9/asyncio/base_events.py", line 647, in run_until_complete
    return future.result()
  File "/opt/hostedtoolcache/Python/3.9.15/x64/lib/python3.9/site-packages/nbclient/client.py", line 663, in async_execute
    await self.async_execute_cell(
  File "/opt/hostedtoolcache/Python/3.9.15/x64/lib/python3.9/site-packages/nbclient/client.py", line 965, in async_execute_cell
    await self._check_raise_for_error(cell, cell_index, exec_reply)
  File "/opt/hostedtoolcache/Python/3.9.15/x64/lib/python3.9/site-packages/nbclient/client.py", line 862, in _check_raise_for_error
    raise CellExecutionError.from_cell_and_msg(cell, exec_reply_content)
nbclient.exceptions.CellExecutionError: An error occurred while executing the following cell:
------------------
das = [
    mikeio.DataArray(np.flip(ds_aoi.msl.values, axis=1) / 100.0, time=time, geometry=g, item=ItemInfo("MSLP", EUMType.Pressure, EUMUnit.hectopascal)),
    mikeio.DataArray(np.flip(ds_aoi.u10.values, axis=1), time=time, geometry=g, item=ItemInfo("U 10m", EUMType.Wind_Velocity, EUMUnit.meter_per_sec)),
    mikeio.DataArray(np.flip(ds_aoi.v10.values, axis=1), time=time, geometry=g, item=ItemInfo("V 10m", EUMType.Wind_Velocity, EUMUnit.meter_per_sec)),
    mikeio.DataArray(np.flip(ds_aoi.t2m.values, axis=1) - 273.15, time=time, geometry=g, item=ItemInfo("Temperature", EUMType.Temperature, EUMUnit.degree_Celsius))
]
------------------

[0;31m---------------------------------------------------------------------------[0m
[0;31mNameError[0m                                 Traceback (most recent call last)
Cell [0;32mIn[14], line 2[0m
[1;32m      1[0m das [38;5;241m=[39m [
[0;32m----> 2[0m     mikeio[38;5;241m.[39mDataArray(np[38;5;241m.[39mflip(ds_aoi[38;5;241m.[39mmsl[38;5;241m.[39mvalues, axis[38;5;241m=[39m[38;5;241m1[39m) [38;5;241m/[39m [38;5;241m100.0[39m, time[38;5;241m=[39mtime, geometry[38;5;241m=[39mg, item[38;5;241m=[39m[43mItemInfo[49m([38;5;124m"[39m[38;5;124mMSLP[39m[38;5;124m"[39m, EUMType[38;5;241m.[39mPressure, EUMUnit[38;5;241m.[39mhectopascal)),
[1;32m      3[0m     mikeio[38;5;241m.[39mDataArray(np[38;5;241m.[39mflip(ds_aoi[38;5;241m.[39mu10[38;5;241m.[39mvalues, axis[38;5;241m=[39m[38;5;241m1[39m), time[38;5;241m=[39mtime, geometry[38;5;241m=[39mg, item[38;5;241m=[39mItemInfo([38;5;124m"[39m[38;5;124mU 10m[39m[38;5;124m"[39m, EUMType[38;5;241m.[39mWind_Velocity, EUMUnit[38;5;241m.[39mmeter_per_sec)),
[1;32m      4[0m     mikeio[38;5;241m.[39mDataArray(np[38;5;241m.[39mflip(ds_aoi[38;5;241m.[39mv10[38;5;241m.[39mvalues, axis[38;5;241m=[39m[38;5;241m1[39m), time[38;5;241m=[39mtime, geometry[38;5;241m=[39mg, item[38;5;241m=[39mItemInfo([38;5;124m"[39m[38;5;124mV 10m[39m[38;5;124m"[39m, EUMType[38;5;241m.[39mWind_Velocity, EUMUnit[38;5;241m.[39mmeter_per_sec)),
[1;32m      5[0m     mikeio[38;5;241m.[39mDataArray(np[38;5;241m.[39mflip(ds_aoi[38;5;241m.[39mt2m[38;5;241m.[39mvalues, axis[38;5;241m=[39m[38;5;241m1[39m) [38;5;241m-[39m [38;5;241m273.15[39m, time[38;5;241m=[39mtime, geometry[38;5;241m=[39mg, item[38;5;241m=[39mItemInfo([38;5;124m"[39m[38;5;124mTemperature[39m[38;5;124m"[39m, EUMType[38;5;241m.[39mTemperature, EUMUnit[38;5;241m.[39mdegree_Celsius))
[1;32m      6[0m ]

[0;31mNameError[0m: name 'ItemInfo' is not defined
NameError: name 'ItemInfo' is not defined

