Traceback (most recent call last):
  File "/opt/hostedtoolcache/Python/3.11.14/x64/lib/python3.11/site-packages/jupyter_cache/executors/utils.py", line 58, in single_nb_execution
    executenb(
  File "/opt/hostedtoolcache/Python/3.11.14/x64/lib/python3.11/site-packages/nbclient/client.py", line 1323, in execute
    return NotebookClient(nb=nb, resources=resources, km=km, **kwargs).execute()
           ^^^^^^^^^^^^^^^^^^^^^^^^^^^^^^^^^^^^^^^^^^^^^^^^^^^^^^^^^^^^^^^^^^^^^
  File "/opt/hostedtoolcache/Python/3.11.14/x64/lib/python3.11/site-packages/jupyter_core/utils/__init__.py", line 165, in wrapped
    return loop.run_until_complete(inner)
           ^^^^^^^^^^^^^^^^^^^^^^^^^^^^^^
  File "/opt/hostedtoolcache/Python/3.11.14/x64/lib/python3.11/asyncio/base_events.py", line 654, in run_until_complete
    return future.result()
           ^^^^^^^^^^^^^^^
  File "/opt/hostedtoolcache/Python/3.11.14/x64/lib/python3.11/site-packages/nbclient/client.py", line 709, in async_execute
    await self.async_execute_cell(
  File "/opt/hostedtoolcache/Python/3.11.14/x64/lib/python3.11/site-packages/nbclient/client.py", line 1062, in async_execute_cell
    await self._check_raise_for_error(cell, cell_index, exec_reply)
  File "/opt/hostedtoolcache/Python/3.11.14/x64/lib/python3.11/site-packages/nbclient/client.py", line 918, in _check_raise_for_error
    raise CellExecutionError.from_cell_and_msg(cell, exec_reply_content)
nbclient.exceptions.CellExecutionError: An error occurred while executing the following cell:
------------------
df = pd.read_csv("data/boogus.csv", 
                 comment="%",
                 sep=";",
                 decimal=",",
                 parse_dates=[["dato","tid"]],
                 usecols=[1,2,3])
df
------------------


[31m---------------------------------------------------------------------------[39m
[31mTypeError[39m                                 Traceback (most recent call last)
[36mCell[39m[36m [39m[32mIn[14][39m[32m, line 1[39m
[32m----> [39m[32m1[39m df = [43mpd[49m[43m.[49m[43mread_csv[49m[43m([49m[33;43m"[39;49m[33;43mdata/boogus.csv[39;49m[33;43m"[39;49m[43m,[49m[43m [49m
[32m      2[39m [43m                 [49m[43mcomment[49m[43m=[49m[33;43m"[39;49m[33;43m%[39;49m[33;43m"[39;49m[43m,[49m
[32m      3[39m [43m                 [49m[43msep[49m[43m=[49m[33;43m"[39;49m[33;43m;[39;49m[33;43m"[39;49m[43m,[49m
[32m      4[39m [43m                 [49m[43mdecimal[49m[43m=[49m[33;43m"[39;49m[33;43m,[39;49m[33;43m"[39;49m[43m,[49m
[32m      5[39m [43m                 [49m[43mparse_dates[49m[43m=[49m[43m[[49m[43m[[49m[33;43m"[39;49m[33;43mdato[39;49m[33;43m"[39;49m[43m,[49m[33;43m"[39;49m[33;43mtid[39;49m[33;43m"[39;49m[43m][49m[43m][49m[43m,[49m
[32m      6[39m [43m                 [49m[43musecols[49m[43m=[49m[43m[[49m[32;43m1[39;49m[43m,[49m[32;43m2[39;49m[43m,[49m[32;43m3[39;49m[43m][49m[43m)[49m
[32m      7[39m df

[36mFile [39m[32m/opt/hostedtoolcache/Python/3.11.14/x64/lib/python3.11/site-packages/pandas/io/parsers/readers.py:873[39m, in [36mread_csv[39m[34m(filepath_or_buffer, sep, delimiter, header, names, index_col, usecols, dtype, engine, converters, true_values, false_values, skipinitialspace, skiprows, skipfooter, nrows, na_values, keep_default_na, na_filter, skip_blank_lines, parse_dates, date_format, dayfirst, cache_dates, iterator, chunksize, compression, thousands, decimal, lineterminator, quotechar, quoting, doublequote, escapechar, comment, encoding, encoding_errors, dialect, on_bad_lines, low_memory, memory_map, float_precision, storage_options, dtype_backend)[39m
[32m    861[39m kwds_defaults = _refine_defaults_read(
[32m    862[39m     dialect,
[32m    863[39m     delimiter,
[32m   (...)[39m[32m    869[39m     dtype_backend=dtype_backend,
[32m    870[39m )
[32m    871[39m kwds.update(kwds_defaults)
[32m--> [39m[32m873[39m [38;5;28;01mreturn[39;00m [43m_read[49m[43m([49m[43mfilepath_or_buffer[49m[43m,[49m[43m [49m[43mkwds[49m[43m)[49m

[36mFile [39m[32m/opt/hostedtoolcache/Python/3.11.14/x64/lib/python3.11/site-packages/pandas/io/parsers/readers.py:300[39m, in [36m_read[39m[34m(filepath_or_buffer, kwds)[39m
[32m    297[39m _validate_names(kwds.get([33m"[39m[33mnames[39m[33m"[39m, [38;5;28;01mNone[39;00m))
[32m    299[39m [38;5;66;03m# Create the parser.[39;00m
[32m--> [39m[32m300[39m parser = [43mTextFileReader[49m[43m([49m[43mfilepath_or_buffer[49m[43m,[49m[43m [49m[43m*[49m[43m*[49m[43mkwds[49m[43m)[49m
[32m    302[39m [38;5;28;01mif[39;00m chunksize [38;5;129;01mor[39;00m iterator:
[32m    303[39m     [38;5;28;01mreturn[39;00m parser

[36mFile [39m[32m/opt/hostedtoolcache/Python/3.11.14/x64/lib/python3.11/site-packages/pandas/io/parsers/readers.py:1645[39m, in [36mTextFileReader.__init__[39m[34m(self, f, engine, **kwds)[39m
[32m   1642[39m     [38;5;28mself[39m.options[[33m"[39m[33mhas_index_names[39m[33m"[39m] = kwds[[33m"[39m[33mhas_index_names[39m[33m"[39m]
[32m   1644[39m [38;5;28mself[39m.handles: IOHandles | [38;5;28;01mNone[39;00m = [38;5;28;01mNone[39;00m
[32m-> [39m[32m1645[39m [38;5;28mself[39m._engine = [38;5;28;43mself[39;49m[43m.[49m[43m_make_engine[49m[43m([49m[43mf[49m[43m,[49m[43m [49m[38;5;28;43mself[39;49m[43m.[49m[43mengine[49m[43m)[49m

[36mFile [39m[32m/opt/hostedtoolcache/Python/3.11.14/x64/lib/python3.11/site-packages/pandas/io/parsers/readers.py:1922[39m, in [36mTextFileReader._make_engine[39m[34m(self, f, engine)[39m
[32m   1919[39m     [38;5;28;01mraise[39;00m [38;5;167;01mValueError[39;00m(msg)
[32m   1921[39m [38;5;28;01mtry[39;00m:
[32m-> [39m[32m1922[39m     [38;5;28;01mreturn[39;00m [43mmapping[49m[43m[[49m[43mengine[49m[43m][49m[43m([49m[43mf[49m[43m,[49m[43m [49m[43m*[49m[43m*[49m[38;5;28;43mself[39;49m[43m.[49m[43moptions[49m[43m)[49m
[32m   1923[39m [38;5;28;01mexcept[39;00m [38;5;167;01mException[39;00m:
[32m   1924[39m     [38;5;28;01mif[39;00m [38;5;28mself[39m.handles [38;5;129;01mis[39;00m [38;5;129;01mnot[39;00m [38;5;28;01mNone[39;00m:

[36mFile [39m[32m/opt/hostedtoolcache/Python/3.11.14/x64/lib/python3.11/site-packages/pandas/io/parsers/c_parser_wrapper.py:152[39m, in [36mCParserWrapper.__init__[39m[34m(self, src, **kwds)[39m
[32m    146[39m     [38;5;28;01mif[39;00m [38;5;28mlen[39m([38;5;28mself[39m.names) < [38;5;28mlen[39m(usecols):
[32m    147[39m         [38;5;28mself[39m._validate_usecols_names(
[32m    148[39m             usecols,
[32m    149[39m             [38;5;28mself[39m.names,
[32m    150[39m         )
[32m--> [39m[32m152[39m [43mvalidate_parse_dates_presence[49m[43m([49m[38;5;28;43mself[39;49m[43m.[49m[43mparse_dates[49m[43m,[49m[43m [49m[38;5;28;43mself[39;49m[43m.[49m[43mnames[49m[43m)[49m
[32m    153[39m [38;5;28mself[39m._set_noconvert_columns()
[32m    155[39m [38;5;28mself[39m.orig_names = [38;5;28mself[39m.names

[36mFile [39m[32m/opt/hostedtoolcache/Python/3.11.14/x64/lib/python3.11/site-packages/pandas/io/parsers/base_parser.py:914[39m, in [36mvalidate_parse_dates_presence[39m[34m(parse_dates, columns)[39m
[32m    912[39m         unique_cols.add(col)
[32m    913[39m     [38;5;28;01melse[39;00m:
[32m--> [39m[32m914[39m         unique_cols.add([43mcolumns[49m[43m[[49m[43mcol[49m[43m][49m)
[32m    915[39m [38;5;28;01mif[39;00m missing:
[32m    916[39m     missing_cols = [33m"[39m[33m, [39m[33m"[39m.join([38;5;28msorted[39m(missing))

[31mTypeError[39m: list indices must be integers or slices, not list

