Traceback (most recent call last):
  File "/opt/hostedtoolcache/Python/3.9.15/x64/lib/python3.9/site-packages/jupyter_cache/executors/utils.py", line 51, in single_nb_execution
    executenb(
  File "/opt/hostedtoolcache/Python/3.9.15/x64/lib/python3.9/site-packages/nbclient/client.py", line 1204, in execute
    return NotebookClient(nb=nb, resources=resources, km=km, **kwargs).execute()
  File "/opt/hostedtoolcache/Python/3.9.15/x64/lib/python3.9/site-packages/nbclient/util.py", line 84, in wrapped
    return just_run(coro(*args, **kwargs))
  File "/opt/hostedtoolcache/Python/3.9.15/x64/lib/python3.9/site-packages/nbclient/util.py", line 62, in just_run
    return loop.run_until_complete(coro)
  File "/opt/hostedtoolcache/Python/3.9.15/x64/lib/python3.9/asyncio/base_events.py", line 647, in run_until_complete
    return future.result()
  File "/opt/hostedtoolcache/Python/3.9.15/x64/lib/python3.9/site-packages/nbclient/client.py", line 663, in async_execute
    await self.async_execute_cell(
  File "/opt/hostedtoolcache/Python/3.9.15/x64/lib/python3.9/site-packages/nbclient/client.py", line 965, in async_execute_cell
    await self._check_raise_for_error(cell, cell_index, exec_reply)
  File "/opt/hostedtoolcache/Python/3.9.15/x64/lib/python3.9/site-packages/nbclient/client.py", line 862, in _check_raise_for_error
    raise CellExecutionError.from_cell_and_msg(cell, exec_reply_content)
nbclient.exceptions.CellExecutionError: An error occurred while executing the following cell:
------------------
ds = mikeio.read("data/NorthSea_HD_and_windspeed.dfsu")
ds
------------------

[0;31m---------------------------------------------------------------------------[0m
[0;31mException[0m                                 Traceback (most recent call last)
Cell [0;32mIn [2], line 1[0m
[0;32m----> 1[0m ds [38;5;241m=[39m [43mmikeio[49m[38;5;241;43m.[39;49m[43mread[49m[43m([49m[38;5;124;43m"[39;49m[38;5;124;43mdata/NorthSea_HD_and_windspeed.dfsu[39;49m[38;5;124;43m"[39;49m[43m)[49m
[1;32m      2[0m ds

File [0;32m/opt/hostedtoolcache/Python/3.9.15/x64/lib/python3.9/site-packages/mikeio/__init__.py:113[0m, in [0;36mread[0;34m(filename, items, time, keepdims, **kwargs)[0m
[1;32m    110[0m [38;5;28;01mif[39;00m [38;5;124m"[39m[38;5;124mdfs[39m[38;5;124m"[39m [38;5;129;01mnot[39;00m [38;5;129;01min[39;00m ext:
[1;32m    111[0m     [38;5;28;01mraise[39;00m [38;5;167;01mValueError[39;00m([38;5;124m"[39m[38;5;124mmikeio.read() is only supported for Dfs files[39m[38;5;124m"[39m)
[0;32m--> 113[0m dfs [38;5;241m=[39m [38;5;28;43mopen[39;49m[43m([49m[43mfilename[49m[43m)[49m
[1;32m    115[0m [38;5;28;01mreturn[39;00m dfs[38;5;241m.[39mread(items[38;5;241m=[39mitems, time[38;5;241m=[39mtime, keepdims[38;5;241m=[39mkeepdims, [38;5;241m*[39m[38;5;241m*[39mkwargs)

File [0;32m/opt/hostedtoolcache/Python/3.9.15/x64/lib/python3.9/site-packages/mikeio/__init__.py:162[0m, in [0;36mopen[0;34m(filename, **kwargs)[0m
[1;32m    159[0m     [38;5;28;01mreturn[39;00m Dfs3(filename, [38;5;241m*[39m[38;5;241m*[39mkwargs)
[1;32m    161[0m [38;5;28;01melif[39;00m ext [38;5;241m==[39m [38;5;124m"[39m[38;5;124m.dfsu[39m[38;5;124m"[39m:
[0;32m--> 162[0m     [38;5;28;01mreturn[39;00m [43mDfsu[49m[43m([49m[43mfilename[49m[43m,[49m[43m [49m[38;5;241;43m*[39;49m[38;5;241;43m*[39;49m[43mkwargs[49m[43m)[49m
[1;32m    164[0m [38;5;28;01melif[39;00m ext [38;5;241m==[39m [38;5;124m"[39m[38;5;124m.mesh[39m[38;5;124m"[39m:
[1;32m    165[0m     [38;5;28;01mreturn[39;00m Mesh(filename, [38;5;241m*[39m[38;5;241m*[39mkwargs)

File [0;32m/opt/hostedtoolcache/Python/3.9.15/x64/lib/python3.9/site-packages/mikeio/dfsu_factory.py:12[0m, in [0;36mDfsu.__new__[0;34m(self, filename, *args, **kwargs)[0m
[1;32m     10[0m [38;5;28;01mdef[39;00m [38;5;21m__new__[39m([38;5;28mself[39m, filename, [38;5;241m*[39margs, [38;5;241m*[39m[38;5;241m*[39mkwargs):
[1;32m     11[0m     filename [38;5;241m=[39m [38;5;28mstr[39m(filename)
[0;32m---> 12[0m     [38;5;28mtype[39m, dfs [38;5;241m=[39m [38;5;28;43mself[39;49m[38;5;241;43m.[39;49m[43m_get_DfsuFileType_n_Obj[49m[43m([49m[43mfilename[49m[43m)[49m
[1;32m     14[0m     [38;5;28;01mif[39;00m [38;5;28mself[39m[38;5;241m.[39m_type_is_spectral([38;5;28mtype[39m):
[1;32m     15[0m         [38;5;28;01mreturn[39;00m DfsuSpectral(filename, dfs, [38;5;241m*[39margs, [38;5;241m*[39m[38;5;241m*[39mkwargs)

File [0;32m/opt/hostedtoolcache/Python/3.9.15/x64/lib/python3.9/site-packages/mikeio/dfsu_factory.py:29[0m, in [0;36mDfsu._get_DfsuFileType_n_Obj[0;34m(filename)[0m
[1;32m     27[0m ext [38;5;241m=[39m os[38;5;241m.[39mpath[38;5;241m.[39msplitext(filename)[[38;5;241m-[39m[38;5;241m1[39m]
[1;32m     28[0m [38;5;28;01mif[39;00m [38;5;124m"[39m[38;5;124mdfs[39m[38;5;124m"[39m [38;5;129;01min[39;00m ext:
[0;32m---> 29[0m     dfs [38;5;241m=[39m [43mDfsuFile[49m[38;5;241;43m.[39;49m[43mOpen[49m[43m([49m[43mfilename[49m[43m)[49m
[1;32m     30[0m     [38;5;28mtype[39m [38;5;241m=[39m DfsuFileType(dfs[38;5;241m.[39mDfsuFileType)
[1;32m     31[0m     [38;5;66;03m# dfs.Close()[39;00m

File [0;32m/opt/hostedtoolcache/Python/3.9.15/x64/lib/python3.9/site-packages/mikecore/DfsuFile.py:294[0m, in [0;36mDfsuFile.Open[0;34m(fileName)[0m
[1;32m    291[0m [38;5;129m@staticmethod[39m
[1;32m    292[0m [38;5;28;01mdef[39;00m [38;5;21mOpen[39m(fileName):
[1;32m    293[0m   dfs [38;5;241m=[39m DfsFile();
[0;32m--> 294[0m   [43mdfs[49m[38;5;241;43m.[39;49m[43mOpen[49m[43m([49m[43mfileName[49m[43m,[49m[43m [49m[43mDfsFileMode[49m[38;5;241;43m.[39;49m[43mRead[49m[43m)[49m;
[1;32m    295[0m   [38;5;28;01mreturn[39;00m (DfsuFile(dfs))

File [0;32m/opt/hostedtoolcache/Python/3.9.15/x64/lib/python3.9/site-packages/mikecore/DfsFile.py:710[0m, in [0;36mDfsFile.Open[0;34m(self, filename, mode, parameters)[0m
[1;32m    707[0m     [38;5;28mself[39m[38;5;241m.[39mClose()
[1;32m    709[0m [38;5;28;01mif[39;00m ([38;5;129;01mnot[39;00m os[38;5;241m.[39mpath[38;5;241m.[39misfile(filename)):
[0;32m--> 710[0m     [38;5;28;01mraise[39;00m [38;5;167;01mException[39;00m([38;5;124m"[39m[38;5;124mFile not found [39m[38;5;132;01m{}[39;00m[38;5;124m"[39m[38;5;241m.[39mformat(filename))
[1;32m    712[0m [38;5;66;03m# Check if trying to edit a read-only file.[39;00m
[1;32m    713[0m [38;5;28;01mif[39;00m ((mode [38;5;241m==[39m DfsFileMode[38;5;241m.[39mEdit [38;5;129;01mor[39;00m mode [38;5;241m==[39m DfsFileMode[38;5;241m.[39mAppend) 
[1;32m    714[0m     [38;5;129;01mand[39;00m ([38;5;129;01mnot[39;00m os[38;5;241m.[39maccess(filename, os[38;5;241m.[39mW_OK))):

[0;31mException[0m: File not found data/NorthSea_HD_and_windspeed.dfsu
Exception: File not found data/NorthSea_HD_and_windspeed.dfsu

